# JRE version: Java(TM) SE Runtime Environment (21.0.1+12) (build 21.0.1+12-LTS-29)
# Java VM: Java HotSpot(TM) 64-Bit Server VM (21.0.1+12-LTS-29, mixed mode, sharing, tiered, compressed oops, compressed class ptrs, g1 gc, windows-amd64)
GC Precious Log:
 CardTable entry size: 512
 Card Set container configuration: InlinePtr #cards 5 size 8 Array Of Cards #cards 12 size 40 Howl #buckets 4 coarsen threshold 1843 Howl Bitmap #cards 512 size 80 coarsen threshold 460 Card regions per heap region 1 cards per card region 2048
 CPUs: 12 total, 12 available
 Memory: 7501M
 Large Page Support: Disabled
 NUMA Support: Disabled
 Compressed Oops: Enabled (32-bit)
 Heap Region Size: 1M
 Heap Min Capacity: 8M
 Heap Initial Capacity: 118M
 Heap Max Capacity: 1876M
 Pre-touch: Disabled
 Parallel Workers: 10
 Concurrent Workers: 3
 Concurrent Refinement Workers: 10
 Periodic GC: Disabled
Heap:
 garbage-first heap   total 66560K, used 45969K [0x000000008ac00000, 0x0000000100000000)
  region size 1024K, 23 young (23552K), 5 survivors (5120K)
 Metaspace       used 67251K, committed 67904K, reserved 1114112K
  class space    used 9201K, committed 9472K, reserved 1048576K
GC Heap History (20 events):
Event: 1.425 GC heap before
{Heap before GC invocations=0 (full 0):
 garbage-first heap   total 120832K, used 24576K [0x000000008ac00000, 0x0000000100000000)
  region size 1024K, 23 young (23552K), 0 survivors (0K)
 Metaspace       used 6206K, committed 6400K, reserved 1114112K
  class space    used 746K, committed 832K, reserved 1048576K
}
Event: 1.437 GC heap after
{Heap after GC invocations=1 (full 0):
 garbage-first heap   total 120832K, used 8048K [0x000000008ac00000, 0x0000000100000000)
  region size 1024K, 3 young (3072K), 3 survivors (3072K)
 Metaspace       used 6206K, committed 6400K, reserved 1114112K
  class space    used 746K, committed 832K, reserved 1048576K
}
Event: 2.292 GC heap before
{Heap before GC invocations=1 (full 0):
 garbage-first heap   total 120832K, used 34672K [0x000000008ac00000, 0x0000000100000000)
  region size 1024K, 30 young (30720K), 3 survivors (3072K)
 Metaspace       used 12968K, committed 13312K, reserved 1114112K
  class space    used 1773K, committed 1920K, reserved 1048576K
}
Event: 2.301 GC heap after
{Heap after GC invocations=2 (full 0):
 garbage-first heap   total 120832K, used 10223K [0x000000008ac00000, 0x0000000100000000)
  region size 1024K, 2 young (2048K), 2 survivors (2048K)
 Metaspace       used 12968K, committed 13312K, reserved 1114112K
  class space    used 1773K, committed 1920K, reserved 1048576K
}
Event: 3.303 GC heap before
{Heap before GC invocations=2 (full 0):
 garbage-first heap   total 120832K, used 51183K [0x000000008ac00000, 0x0000000100000000)
  region size 1024K, 43 young (44032K), 2 survivors (2048K)
 Metaspace       used 21233K, committed 21504K, reserved 1114112K
  class space    used 2692K, committed 2816K, reserved 1048576K
}
Event: 3.315 GC heap after
{Heap after GC invocations=3 (full 0):
 garbage-first heap   total 120832K, used 14823K [0x000000008ac00000, 0x0000000100000000)
  region size 1024K, 7 young (7168K), 7 survivors (7168K)
 Metaspace       used 21233K, committed 21504K, reserved 1114112K
  class space    used 2692K, committed 2816K, reserved 1048576K
}
Event: 4.652 GC heap before
{Heap before GC invocations=4 (full 0):
 garbage-first heap   total 55296K, used 40423K [0x000000008ac00000, 0x0000000100000000)
  region size 1024K, 32 young (32768K), 7 survivors (7168K)
 Metaspace       used 25291K, committed 25728K, reserved 1114112K
  class space    used 3264K, committed 3456K, reserved 1048576K
}
Event: 4.674 GC heap after
{Heap after GC invocations=5 (full 0):
 garbage-first heap   total 55296K, used 16595K [0x000000008ac00000, 0x0000000100000000)
  region size 1024K, 3 young (3072K), 3 survivors (3072K)
 Metaspace       used 25291K, committed 25728K, reserved 1114112K
  class space    used 3264K, committed 3456K, reserved 1048576K
}
Event: 6.321 GC heap before
{Heap before GC invocations=5 (full 0):
 garbage-first heap   total 55296K, used 41171K [0x000000008ac00000, 0x0000000100000000)
  region size 1024K, 28 young (28672K), 3 survivors (3072K)
 Metaspace       used 30869K, committed 31296K, reserved 1114112K
  class space    used 3996K, committed 4160K, reserved 1048576K
}
Event: 6.346 GC heap after
{Heap after GC invocations=6 (full 0):
 garbage-first heap   total 55296K, used 19276K [0x000000008ac00000, 0x0000000100000000)
  region size 1024K, 4 young (4096K), 4 survivors (4096K)
 Metaspace       used 30869K, committed 31296K, reserved 1114112K
  class space    used 3996K, committed 4160K, reserved 1048576K
}
Event: 8.279 GC heap before
{Heap before GC invocations=6 (full 0):
 garbage-first heap   total 55296K, used 40780K [0x000000008ac00000, 0x0000000100000000)
  region size 1024K, 26 young (26624K), 4 survivors (4096K)
 Metaspace       used 35402K, committed 35968K, reserved 1114112K
  class space    used 4633K, committed 4928K, reserved 1048576K
}
Event: 8.285 GC heap after
{Heap after GC invocations=7 (full 0):
 garbage-first heap   total 55296K, used 21100K [0x000000008ac00000, 0x0000000100000000)
  region size 1024K, 2 young (2048K), 2 survivors (2048K)
 Metaspace       used 35402K, committed 35968K, reserved 1114112K
  class space    used 4633K, committed 4928K, reserved 1048576K
}
Event: 9.599 GC heap before
{Heap before GC invocations=8 (full 0):
 garbage-first heap   total 55296K, used 43628K [0x000000008ac00000, 0x0000000100000000)
  region size 1024K, 25 young (25600K), 2 survivors (2048K)
 Metaspace       used 41988K, committed 42560K, reserved 1114112K
  class space    used 5580K, committed 5824K, reserved 1048576K
}
Event: 9.605 GC heap after
{Heap after GC invocations=9 (full 0):
 garbage-first heap   total 66560K, used 23093K [0x000000008ac00000, 0x0000000100000000)
  region size 1024K, 4 young (4096K), 4 survivors (4096K)
 Metaspace       used 41988K, committed 42560K, reserved 1114112K
  class space    used 5580K, committed 5824K, reserved 1048576K
}
Event: 11.504 GC heap before
{Heap before GC invocations=9 (full 0):
 garbage-first heap   total 66560K, used 53813K [0x000000008ac00000, 0x0000000100000000)
  region size 1024K, 35 young (35840K), 4 survivors (4096K)
 Metaspace       used 52204K, committed 52800K, reserved 1114112K
  class space    used 6955K, committed 7232K, reserved 1048576K
}
Event: 11.512 GC heap after
{Heap after GC invocations=10 (full 0):
 garbage-first heap   total 66560K, used 24518K [0x000000008ac00000, 0x0000000100000000)
  region size 1024K, 5 young (5120K), 5 survivors (5120K)
 Metaspace       used 52204K, committed 52800K, reserved 1114112K
  class space    used 6955K, committed 7232K, reserved 1048576K
}
Event: 13.244 GC heap before
{Heap before GC invocations=10 (full 0):
 garbage-first heap   total 66560K, used 53190K [0x000000008ac00000, 0x0000000100000000)
  region size 1024K, 34 young (34816K), 5 survivors (5120K)
 Metaspace       used 59567K, committed 60160K, reserved 1114112K
  class space    used 8047K, committed 8320K, reserved 1048576K
}
Event: 13.253 GC heap after
{Heap after GC invocations=11 (full 0):
 garbage-first heap   total 66560K, used 26625K [0x000000008ac00000, 0x0000000100000000)
  region size 1024K, 5 young (5120K), 5 survivors (5120K)
 Metaspace       used 59567K, committed 60160K, reserved 1114112K
  class space    used 8047K, committed 8320K, reserved 1048576K
}
Event: 14.607 GC heap before
{Heap before GC invocations=12 (full 0):
 garbage-first heap   total 66560K, used 56321K [0x000000008ac00000, 0x0000000100000000)
  region size 1024K, 34 young (34816K), 5 survivors (5120K)
 Metaspace       used 64060K, committed 64768K, reserved 1114112K
  class space    used 8801K, committed 9152K, reserved 1048576K
}
Event: 14.614 GC heap after
{Heap after GC invocations=13 (full 0):
 garbage-first heap   total 66560K, used 29585K [0x000000008ac00000, 0x0000000100000000)
  region size 1024K, 5 young (5120K), 5 survivors (5120K)
 Metaspace       used 64060K, committed 64768K, reserved 1114112K
  class space    used 8801K, committed 9152K, reserved 1048576K
}

